#-----------------------------------------------------------
# Vivado v2018.3 (64-bit)
# SW Build 2405991 on Thu Dec  6 23:38:27 MST 2018
# IP Build 2404404 on Fri Dec  7 01:43:56 MST 2018
# Start of session at: Wed Apr  8 17:11:08 2020
# Process ID: 356
# Current directory: C:/Users/Kyle/Desktop/School/ELC 2137/DL202010_monk/Lab 9
# Command line: vivado.exe -gui_launcher_event rodinguilauncherevent3572 C:\Users\Kyle\Desktop\School\ELC 2137\DL202010_monk\Lab 9\Lab 9.xpr
# Log file: C:/Users/Kyle/Desktop/School/ELC 2137/DL202010_monk/Lab 9/vivado.log
# Journal file: C:/Users/Kyle/Desktop/School/ELC 2137/DL202010_monk/Lab 9\vivado.jou
#-----------------------------------------------------------
start_gui
open_project {C:/Users/Kyle/Desktop/School/ELC 2137/DL202010_monk/Lab 9/Lab 9.xpr}
Scanning sources...
Finished scanning sources
INFO: [IP_Flow 19-234] Refreshing IP repositories
INFO: [IP_Flow 19-1704] No user IP repositories specified
INFO: [IP_Flow 19-2313] Loaded Vivado IP repository 'C:/Xilinx/Vivado/2018.3/data/ip'.
open_project: Time (s): cpu = 00:00:16 ; elapsed = 00:00:07 . Memory (MB): peak = 719.344 ; gain = 128.527
update_compile_order -fileset sources_1
